<?xml version="1.0" encoding="UTF-8"?>
<!-- Generated by org.testng.reporters.JUnitReportReporter -->
<testsuite hostname="DESKTOP-EIN1GKN" failures="0" tests="1" name="com.Hybrid_FrameWork.TestCases.Test1" time="5.990" errors="0" timestamp="2022-12-21T15:07:53 IST" skipped="0">
  <testcase classname="com.Hybrid_FrameWork.TestCases.Test1" name="loginTest" time="5.990"/>
  <system-out/>
</testsuite> <!-- com.Hybrid_FrameWork.TestCases.Test1 -->
